<?xml version="1.0" encoding="UTF-8"?>

<databaseChangeLog
        xmlns="http://www.liquibase.org/xml/ns/dbchangelog"
        xmlns:xsi="http://www.w3.org/2001/XMLSchema-instance"
        xsi:schemaLocation="http://www.liquibase.org/xml/ns/dbchangelog
	    http://www.liquibase.org/xml/ns/dbchangelog/dbchangelog-3.1.xsd">


    <changeSet id="insert_user_data" author="kagapov">
        <insert tableName="E_USER">
            <column name="CREATED_AT" valueDate="CURRENT_TIMESTAMP"/>
            <column name="CREATED_BY" value="1"/>
            <column name="UPDATED_AT" valueDate="CURRENT_TIMESTAMP"/>
            <column name="UPDATED_BY" value="1"/>
            <column name="IS_DELETED" value="N"/>
            <column name="USERNAME" value="ADMIN"/>
        </insert>
        <insert tableName="E_USER">
            <column name="CREATED_AT" valueDate="CURRENT_TIMESTAMP"/>
            <column name="CREATED_BY" value="1"/>
            <column name="UPDATED_AT" valueDate="CURRENT_TIMESTAMP"/>
            <column name="UPDATED_BY" value="1"/>
            <column name="IS_DELETED" value="N"/>
            <column name="USERNAME" value="CONTAAS"/>
        </insert>
    </changeSet>


    <changeSet id="insert_role_data" author="kagapov">
        <insert tableName="E_ROLE">
            <column name="CREATED_AT" valueDate="CURRENT_TIMESTAMP"/>
            <column name="CREATED_BY" value="1"/>
            <column name="UPDATED_AT" valueDate="CURRENT_TIMESTAMP"/>
            <column name="UPDATED_BY" value="1"/>
            <column name="IS_DELETED" value="N"/>
            <column name="NAME" value="ROLE_ADMIN"/>
        </insert>
        <insert tableName="E_ROLE">
            <column name="CREATED_AT" valueDate="CURRENT_TIMESTAMP"/>
            <column name="CREATED_BY" value="1"/>
            <column name="UPDATED_AT" valueDate="CURRENT_TIMESTAMP"/>
            <column name="UPDATED_BY" value="1"/>
            <column name="IS_DELETED" value="N"/>
            <column name="NAME" value="ROLE_CONTAAS"/>
        </insert>
    </changeSet>

    
    <changeSet id="insert_user_role_data" author="kagapov">
        <insert tableName="E_USER_ROLE">
            <column name="CREATED_AT" valueDate="CURRENT_TIMESTAMP"/>
            <column name="CREATED_BY" value="1"/>
            <column name="UPDATED_AT" valueDate="CURRENT_TIMESTAMP"/>
            <column name="UPDATED_BY" value="1"/>
            <column name="IS_DELETED" value="N"/>
            <column name="USER_ID" value="1"/>
            <column name="ROLE_ID" value="1"/>
        </insert>
        <insert tableName="E_USER_ROLE">
            <column name="CREATED_AT" valueDate="CURRENT_TIMESTAMP"/>
            <column name="CREATED_BY" value="1"/>
            <column name="UPDATED_AT" valueDate="CURRENT_TIMESTAMP"/>
            <column name="UPDATED_BY" value="1"/>
            <column name="IS_DELETED" value="N"/>
            <column name="USER_ID" value="2"/>
            <column name="ROLE_ID" value="2"/>
        </insert>
    </changeSet>

</databaseChangeLog>


