<?xml version="1.0" encoding="UTF-8"?>

<databaseChangeLog
        xmlns="http://www.liquibase.org/xml/ns/dbchangelog"
        xmlns:xsi="http://www.w3.org/2001/XMLSchema-instance"
        xsi:schemaLocation="http://www.liquibase.org/xml/ns/dbchangelog
	    http://www.liquibase.org/xml/ns/dbchangelog/dbchangelog-3.1.xsd">


    <changeSet id="insert_user_data" author="kagapov">
        <insert tableName="E_USER">
            <column name="CREATED_AT" valueDate="CURRENT_TIMESTAMP"/>
            <column name="CREATED_BY" value="1"/>
            <column name="UPDATED_AT" valueDate="CURRENT_TIMESTAMP"/>
            <column name="UPDATED_BY" value="1"/>
            <column name="IS_DELETED" value="false"/>
            <column name="USERNAME" value="USER1"/>
            <column name="PASSWORD" value="$2y$12$kzvDcR04ByZHqnxFL8wcFu3GvCdkc.OaUfpCSXsIFN9Mii1Q4lrcS"/>
        </insert>
        <insert tableName="E_USER">
            <column name="CREATED_AT" valueDate="CURRENT_TIMESTAMP"/>
            <column name="CREATED_BY" value="1"/>
            <column name="UPDATED_AT" valueDate="CURRENT_TIMESTAMP"/>
            <column name="UPDATED_BY" value="1"/>
            <column name="IS_DELETED" value="false"/>
            <column name="USERNAME" value="USER2"/>
            <column name="PASSWORD" value="$2y$12$YsfkD3H1Yhv97xdlTsR5Gud8SVjwmA9d3FSOLms6.vEtQ2pzTj8By"/>
        </insert>
    </changeSet>

</databaseChangeLog>


